-------------------------------------------------------------------------------
Test set: com.cucumber.testRunner.CRMLoginRunner
-------------------------------------------------------------------------------
Tests run: 1, Failures: 1, Errors: 0, Skipped: 0, Time elapsed: 5.494 sec <<< FAILURE! - in com.cucumber.testRunner.CRMLoginRunner
feature(com.cucumber.testRunner.CRMLoginRunner)  Time elapsed: 1.667 sec  <<< FAILURE!
cucumber.runtime.CucumberException: java.lang.NullPointerException
Caused by: java.lang.NullPointerException

