<?xml version="1.0" encoding="UTF-8"?>
<testsuite xmlns:xsi="http://www.w3.org/2001/XMLSchema-instance" xsi:schemaLocation="https://maven.apache.org/surefire/maven-surefire-plugin/xsd/surefire-test-report.xsd" name="TestSuite" time="119.453" tests="1" errors="0" skipped="0" failures="1">
  <properties>
[...]
</properties>
  <testcase name="feature" classname="com.cucumber.testRunner.CRMLogin_BackgroundKeywordRunner" time="112.71">
    <failure message="org.openqa.selenium.NoSuchSessionException: Session ID is null. Using WebDriver after calling quit()?&#10;Build info: version: &apos;3.14.0&apos;, revision: &apos;aacccce0&apos;, time: &apos;2018-08-02T20:19:58.91Z&apos;&#10;System info: host: &apos;PMANALA&apos;, ip: &apos;192.168.2.151&apos;, os.name: &apos;Windows 7&apos;, os.arch: &apos;amd64&apos;, os.version: &apos;6.1&apos;, java.version: &apos;1.8.0_131&apos;&#10;Driver info: driver.version: RemoteWebDriver" type="cucumber.runtime.CucumberException">cucumber.runtime.CucumberException: 
org.openqa.selenium.NoSuchSessionException: Session ID is null. Using WebDriver after calling quit()?
Build info: version: '3.14.0', revision: 'aacccce0', time: '2018-08-02T20:19:58.91Z'
System info: host: 'PMANALA', ip: '192.168.2.151', os.name: 'Windows 7', os.arch: 'amd64', os.version: '6.1', java.version: '1.8.0_131'
Driver info: driver.version: RemoteWebDriver
Caused by: org.openqa.selenium.NoSuchSessionException: 
Session ID is null. Using WebDriver after calling quit()?
Build info: version: '3.14.0', revision: 'aacccce0', time: '2018-08-02T20:19:58.91Z'
System info: host: 'PMANALA', ip: '192.168.2.151', os.name: 'Windows 7', os.arch: 'amd64', os.version: '6.1', java.version: '1.8.0_131'
Driver info: driver.version: RemoteWebDriver
</failure>
    <system-out><![CDATA[ INFO [main] (Base.java:54)- Chrome Browser is launched
 INFO [main] (Base.java:56)- Chrome Browser is maximised
 INFO [main] (CRMApplication.java:23)- Ented URL is : https://www.freecrm.com/index.html
 INFO [main] (CRMApplication.java:31)- Login Page Title is Captured
The Actual title of the FreeCRM is: #1 Free CRM software in the cloud for sales and service
The Expected title of the FreeCRM is: #1 Free CRM software in the cloud for sales and service
Expected and Actual Titles are Matched
Screenshot taken
 INFO [main] (CRMApplication.java:42)- The entered UserName is : praneethmanala
 INFO [main] (CRMApplication.java:45)- The entered Password is : praneethmanala
 INFO [main] (CRMApplication.java:62)- Submit Button is Clicked
 INFO [main] (CRMApplication.java:68)- Home Page Title is Captured
The Actual Home Page title is:CRMPRO
The Expected Home Page title is:CRMPRO
The Expected and Actual Home Page Titles are matched 
Screenshot taken
 INFO [main] (Base.java:74)- Browser is Closed
 INFO [main] (Base.java:54)- Chrome Browser is launched
 INFO [main] (Base.java:56)- Chrome Browser is maximised
 INFO [main] (CRMApplication.java:23)- Ented URL is : https://www.freecrm.com/index.html
 INFO [main] (CRMApplication.java:31)- Login Page Title is Captured
The Actual title of the FreeCRM is: #1 Free CRM software in the cloud for sales and service
The Expected title of the FreeCRM is: #1 Free CRM software in the cloud for sales and service
Expected and Actual Titles are Matched
Screenshot taken
 INFO [main] (CRMApplication.java:51)- The entered UserName is : praneethmanala
 INFO [main] (CRMApplication.java:54)- The entered Password is : praneethmanala
 INFO [main] (CRMApplication.java:62)- Submit Button is Clicked
 INFO [main] (CRMApplication.java:68)- Home Page Title is Captured
The Actual Home Page title is:CRMPRO
The Expected Home Page title is:CRMPRO
The Expected and Actual Home Page Titles are matched 
Screenshot taken
 INFO [main] (Base.java:74)- Browser is Closed
 INFO [main] (Base.java:54)- Chrome Browser is launched
 INFO [main] (Base.java:56)- Chrome Browser is maximised
 INFO [main] (CRMApplication.java:23)- Ented URL is : https://www.freecrm.com/index.html
 INFO [main] (CRMApplication.java:31)- Login Page Title is Captured
The Actual title of the FreeCRM is: #1 Free CRM software in the cloud for sales and service
The Expected title of the FreeCRM is: #1 Free CRM software in the cloud for sales and service
Expected and Actual Titles are Matched
Screenshot taken
 INFO [main] (CRMApplication.java:51)- The entered UserName is : praneeth
 INFO [main] (CRMApplication.java:54)- The entered Password is : praneeth
 INFO [main] (CRMApplication.java:62)- Submit Button is Clicked
 INFO [main] (CRMApplication.java:68)- Home Page Title is Captured
The Actual Home Page title is:CRMPRO
The Expected Home Page title is:CRMPRO
The Expected and Actual Home Page Titles are matched 
Screenshot taken
 INFO [main] (Base.java:74)- Browser is Closed
]]></system-out>
    <system-err><![CDATA[Starting ChromeDriver 2.44.609538 (b655c5a60b0b544917107a59d4153d4bf78e1b90) on port 38846
Only local connections are allowed.
Dec 03, 2018 6:17:12 PM org.openqa.selenium.remote.ProtocolHandshake createSession
INFO: Detected dialect: OSS
[1543841237.379][WARNING]: Timed out connecting to Chrome, retrying...
Starting ChromeDriver 2.44.609538 (b655c5a60b0b544917107a59d4153d4bf78e1b90) on port 43829
Only local connections are allowed.
Dec 03, 2018 6:18:08 PM org.openqa.selenium.remote.ProtocolHandshake createSession
INFO: Detected dialect: OSS
Starting ChromeDriver 2.44.609538 (b655c5a60b0b544917107a59d4153d4bf78e1b90) on port 20872
Only local connections are allowed.
Dec 03, 2018 6:18:35 PM org.openqa.selenium.remote.ProtocolHandshake createSession
INFO: Detected dialect: OSS
]]></system-err>
  </testcase>
</testsuite>