<?xml version="1.0" encoding="UTF-8"?>
<!-- Generated by org.testng.reporters.JUnitReportReporter -->
<testsuite skipped="0" hostname="PMANALA" name="com.cucumber.testRunner.XfinityInternet" tests="1" failures="0" timestamp="14 Dec 2018 09:49:38 GMT" time="29.744" errors="1">
  <testcase name="feature" time="29.744" classname="com.cucumber.testRunner.XfinityInternet">
    <error type="cucumber.runtime.CucumberException" message="junit.framework.ComparisonFailure: expected:&lt;[Internet Plans and Packag]es | ConnectToXfinit...&gt; but was:&lt;[Cable, Internet and Phone Bundl]es | ConnectToXfinit...&gt;">
      <![CDATA[cucumber.runtime.CucumberException: junit.framework.ComparisonFailure: expected:<[Internet Plans and Packag]es | ConnectToXfinit...> but was:<[Cable, Internet and Phone Bundl]es | ConnectToXfinit...>
at cucumber.api.testng.TestNGCucumberRunner.runCucumber(TestNGCucumberRunner.java:69)
at cucumber.api.testng.AbstractTestNGCucumberTests.feature(AbstractTestNGCucumberTests.java:21)
at sun.reflect.NativeMethodAccessorImpl.invoke0(Native Method)
at sun.reflect.NativeMethodAccessorImpl.invoke(NativeMethodAccessorImpl.java:62)
at sun.reflect.DelegatingMethodAccessorImpl.invoke(DelegatingMethodAccessorImpl.java:43)
at java.lang.reflect.Method.invoke(Method.java:498)
at org.testng.internal.MethodInvocationHelper.invokeMethod(MethodInvocationHelper.java:124)
at org.testng.internal.Invoker.invokeMethod(Invoker.java:580)
at org.testng.internal.Invoker.invokeTestMethod(Invoker.java:716)
at org.testng.internal.Invoker.invokeTestMethods(Invoker.java:988)
at org.testng.internal.TestMethodWorker.invokeTestMethods(TestMethodWorker.java:125)
at org.testng.internal.TestMethodWorker.run(TestMethodWorker.java:109)
at org.testng.TestRunner.privateRun(TestRunner.java:648)
at org.testng.TestRunner.run(TestRunner.java:505)
at org.testng.SuiteRunner.runTest(SuiteRunner.java:455)
at org.testng.SuiteRunner.runSequentially(SuiteRunner.java:450)
at org.testng.SuiteRunner.privateRun(SuiteRunner.java:415)
at org.testng.SuiteRunner.run(SuiteRunner.java:364)
at org.testng.SuiteRunnerWorker.runSuite(SuiteRunnerWorker.java:52)
at org.testng.SuiteRunnerWorker.run(SuiteRunnerWorker.java:84)
at org.testng.TestNG.runSuitesSequentially(TestNG.java:1208)
at org.testng.TestNG.runSuitesLocally(TestNG.java:1137)
at org.testng.TestNG.runSuites(TestNG.java:1049)
at org.testng.TestNG.run(TestNG.java:1017)
at org.testng.remote.AbstractRemoteTestNG.run(AbstractRemoteTestNG.java:114)
at org.testng.remote.RemoteTestNG.initAndRun(RemoteTestNG.java:251)
at org.testng.remote.RemoteTestNG.main(RemoteTestNG.java:77)
Caused by: junit.framework.ComparisonFailure: expected:<[Internet Plans and Packag]es | ConnectToXfinit...> but was:<[Cable, Internet and Phone Bundl]es | ConnectToXfinit...>
at junit.framework.Assert.assertEquals(Assert.java:85)
at junit.framework.Assert.assertEquals(Assert.java:91)
at com.cucumber.definedMethods.CRMApplication.xfinityInternetlink(CRMApplication.java:128)
at com.cucumber.setpDefinations.XfinityInternet.click_on_XFINITY_Internet_link(XfinityInternet.java:51)
at ✽.Given click on XFINITY Internet(src/test/java/com/cucumber/features/XfinityInternet.feature:3)
]]>
    </error>
  </testcase> <!-- feature -->
</testsuite> <!-- com.cucumber.testRunner.XfinityInternet -->
